<?xml version="1.0" encoding="UTF-8"?>
<!-- Generated by org.testng.reporters.JUnitXMLReporter -->
<testsuite ignored="0" hostname="LAPTOP-L2V0IT8U" failures="2" tests="2" name="Default test" time="13.536" errors="0" timestamp="2023-01-17T21:45:19 IST">
  <testcase classname="tests.LoginTest" name="verifyPageTitle" time="0.027">
    <failure type="java.lang.AssertionError" message="Page Titledoes not match expected [false] but found [true]">
      <![CDATA[java.lang.AssertionError: Page Titledoes not match expected [false] but found [true]
at org.testng.Assert.fail(Assert.java:110)
at org.testng.Assert.failNotEquals(Assert.java:1413)
at org.testng.Assert.assertFalse(Assert.java:78)
at tests.LoginTest.verifyPageTitle(LoginTest.java:40)
at java.base/jdk.internal.reflect.DirectMethodHandleAccessor.invoke(DirectMethodHandleAccessor.java:104)
at java.base/java.lang.reflect.Method.invoke(Method.java:577)
at org.testng.internal.invokers.MethodInvocationHelper.invokeMethod(MethodInvocationHelper.java:139)
at org.testng.internal.invokers.TestInvoker.invokeMethod(TestInvoker.java:677)
at org.testng.internal.invokers.TestInvoker.invokeTestMethod(TestInvoker.java:221)
at org.testng.internal.invokers.MethodRunner.runInSequence(MethodRunner.java:50)
at org.testng.internal.invokers.TestInvoker$MethodInvocationAgent.invoke(TestInvoker.java:969)
at org.testng.internal.invokers.TestInvoker.invokeTestMethods(TestInvoker.java:194)
at org.testng.internal.invokers.TestMethodWorker.invokeTestMethods(TestMethodWorker.java:148)
at org.testng.internal.invokers.TestMethodWorker.run(TestMethodWorker.java:128)
at java.base/java.util.ArrayList.forEach(ArrayList.java:1511)
at org.testng.TestRunner.privateRun(TestRunner.java:829)
at org.testng.TestRunner.run(TestRunner.java:602)
at org.testng.SuiteRunner.runTest(SuiteRunner.java:437)
at org.testng.SuiteRunner.runSequentially(SuiteRunner.java:431)
at org.testng.SuiteRunner.privateRun(SuiteRunner.java:391)
at org.testng.SuiteRunner.run(SuiteRunner.java:330)
at org.testng.SuiteRunnerWorker.runSuite(SuiteRunnerWorker.java:52)
at org.testng.SuiteRunnerWorker.run(SuiteRunnerWorker.java:95)
at org.testng.TestNG.runSuitesSequentially(TestNG.java:1256)
at org.testng.TestNG.runSuitesLocally(TestNG.java:1176)
at org.testng.TestNG.runSuites(TestNG.java:1099)
at org.testng.TestNG.run(TestNG.java:1067)
at org.testng.remote.AbstractRemoteTestNG.run(AbstractRemoteTestNG.java:115)
at org.testng.remote.RemoteTestNG.initAndRun(RemoteTestNG.java:251)
at org.testng.remote.RemoteTestNG.main(RemoteTestNG.java:77)
]]>
    </failure>
  </testcase> <!-- verifyPageTitle -->
  <testcase classname="tests.LoginTest" name="verifyPageTitle" time="0.499">
    <failure type="java.lang.StackOverflowError">
      <![CDATA[java.lang.StackOverflowError
at java.base/java.util.concurrent.ConcurrentHashMap.get(ConcurrentHashMap.java:936)
at java.base/java.text.DateFormatSymbols.initializeData(DateFormatSymbols.java:726)
at java.base/java.text.DateFormatSymbols.<init>(DateFormatSymbols.java:151)
at java.base/sun.util.locale.provider.DateFormatSymbolsProviderImpl.getInstance(DateFormatSymbolsProviderImpl.java:85)
at java.base/java.text.DateFormatSymbols.getProviderInstance(DateFormatSymbols.java:371)
at java.base/java.text.DateFormatSymbols.getInstance(DateFormatSymbols.java:347)
at java.base/java.util.Calendar.getDisplayName(Calendar.java:2136)
at java.base/java.text.SimpleDateFormat.subFormat(SimpleDateFormat.java:1160)
at java.base/java.text.SimpleDateFormat.format(SimpleDateFormat.java:1001)
at java.base/java.text.SimpleDateFormat.format(SimpleDateFormat.java:971)
at java.base/java.text.DateFormat.format(DateFormat.java:378)
at utility.Screenshot.getCurrentDate(Screenshot.java:47)
at utility.Screenshot.captureScreen(Screenshot.java:21)
at utility.Screenshot.getCurrentDate(Screenshot.java:49)
at utility.Screenshot.captureScreen(Screenshot.java:21)
at utility.Screenshot.getCurrentDate(Screenshot.java:49)
at utility.Screenshot.captureScreen(Screenshot.java:21)
at utility.Screenshot.getCurrentDate(Screenshot.java:49)
at utility.Screenshot.captureScreen(Screenshot.java:21)
at utility.Screenshot.getCurrentDate(Screenshot.java:49)
at utility.Screenshot.captureScreen(Screenshot.java:21)
at utility.Screenshot.getCurrentDate(Screenshot.java:49)
at utility.Screenshot.captureScreen(Screenshot.java:21)
at utility.Screenshot.getCurrentDate(Screenshot.java:49)
at utility.Screenshot.captureScreen(Screenshot.java:21)
at utility.Screenshot.getCurrentDate(Screenshot.java:49)
at utility.Screenshot.captureScreen(Screenshot.java:21)
at utility.Screenshot.getCurrentDate(Screenshot.java:49)
at utility.Screenshot.captureScreen(Screenshot.java:21)
at utility.Screenshot.getCurrentDate(Screenshot.java:49)
at utility.Screenshot.captureScreen(Screenshot.java:21)
at utility.Screenshot.getCurrentDate(Screenshot.java:49)
at utility.Screenshot.captureScreen(Screenshot.java:21)
at utility.Screenshot.getCurrentDate(Screenshot.java:49)
at utility.Screenshot.captureScreen(Screenshot.java:21)
at utility.Screenshot.getCurrentDate(Screenshot.java:49)
at utility.Screenshot.captureScreen(Screenshot.java:21)
at utility.Screenshot.getCurrentDate(Screenshot.java:49)
at utility.Screenshot.captureScreen(Screenshot.java:21)
at utility.Screenshot.getCurrentDate(Screenshot.java:49)
at utility.Screenshot.captureScreen(Screenshot.java:21)
at utility.Screenshot.getCurrentDate(Screenshot.java:49)
at utility.Screenshot.captureScreen(Screenshot.java:21)
at utility.Screenshot.getCurrentDate(Screenshot.java:49)
at utility.Screenshot.captureScreen(Screenshot.java:21)
at utility.Screenshot.getCurrentDate(Screenshot.java:49)
at utility.Screenshot.captureScreen(Screenshot.java:21)
at utility.Screenshot.getCurrentDate(Screenshot.java:49)
at utility.Screenshot.captureScreen(Screenshot.java:21)
at utility.Screenshot.getCurrentDate(Screenshot.java:49)
at utility.Screenshot.captureScreen(Screenshot.java:21)
at utility.Screenshot.getCurrentDate(Screenshot.java:49)
at utility.Screenshot.captureScreen(Screenshot.java:21)
at utility.Screenshot.getCurrentDate(Screenshot.java:49)
at utility.Screenshot.captureScreen(Screenshot.java:21)
at utility.Screenshot.getCurrentDate(Screenshot.java:49)
at utility.Screenshot.captureScreen(Screenshot.java:21)
at utility.Screenshot.getCurrentDate(Screenshot.java:49)
at utility.Screenshot.captureScreen(Screenshot.java:21)
at utility.Screenshot.getCurrentDate(Screenshot.java:49)
at utility.Screenshot.captureScreen(Screenshot.java:21)
at utility.Screenshot.getCurrentDate(Screenshot.java:49)
at utility.Screenshot.captureScreen(Screenshot.java:21)
at utility.Screenshot.getCurrentDate(Screenshot.java:49)
at utility.Screenshot.captureScreen(Screenshot.java:21)
at utility.Screenshot.getCurrentDate(Screenshot.java:49)
at utility.Screenshot.captureScreen(Screenshot.java:21)
at utility.Screenshot.getCurrentDate(Screenshot.java:49)
at utility.Screenshot.captureScreen(Screenshot.java:21)
at utility.Screenshot.getCurrentDate(Screenshot.java:49)
at utility.Screenshot.captureScreen(Screenshot.java:21)
at utility.Screenshot.getCurrentDate(Screenshot.java:49)
at utility.Screenshot.captureScreen(Screenshot.java:21)
at utility.Screenshot.getCurrentDate(Screenshot.java:49)
at utility.Screenshot.captureScreen(Screenshot.java:21)
at utility.Screenshot.getCurrentDate(Screenshot.java:49)
at utility.Screenshot.captureScreen(Screenshot.java:21)
at utility.Screenshot.getCurrentDate(Screenshot.java:49)
at utility.Screenshot.captureScreen(Screenshot.java:21)
at utility.Screenshot.getCurrentDate(Screenshot.java:49)
at utility.Screenshot.captureScreen(Screenshot.java:21)
at utility.Screenshot.getCurrentDate(Screenshot.java:49)
at utility.Screenshot.captureScreen(Screenshot.java:21)
at utility.Screenshot.getCurrentDate(Screenshot.java:49)
at utility.Screenshot.captureScreen(Screenshot.java:21)
at utility.Screenshot.getCurrentDate(Screenshot.java:49)
at utility.Screenshot.captureScreen(Screenshot.java:21)
at utility.Screenshot.getCurrentDate(Screenshot.java:49)
at utility.Screenshot.captureScreen(Screenshot.java:21)
at utility.Screenshot.getCurrentDate(Screenshot.java:49)
at utility.Screenshot.captureScreen(Screenshot.java:21)
at utility.Screenshot.getCurrentDate(Screenshot.java:49)
at utility.Screenshot.captureScreen(Screenshot.java:21)
at utility.Screenshot.getCurrentDate(Screenshot.java:49)
at utility.Screenshot.captureScreen(Screenshot.java:21)
at utility.Screenshot.getCurrentDate(Screenshot.java:49)
at utility.Screenshot.captureScreen(Screenshot.java:21)
at utility.Screenshot.getCurrentDate(Screenshot.java:49)
at utility.Screenshot.captureScreen(Screenshot.java:21)
at utility.Screenshot.getCurrentDate(Screenshot.java:49)
at utility.Screenshot.captureScreen(Screenshot.java:21)
at utility.Screenshot.getCurrentDate(Screenshot.java:49)
at utility.Screenshot.captureScreen(Screenshot.java:21)
at utility.Screenshot.getCurrentDate(Screenshot.java:49)
at utility.Screenshot.captureScreen(Screenshot.java:21)
at utility.Screenshot.getCurrentDate(Screenshot.java:49)
at utility.Screenshot.captureScreen(Screenshot.java:21)
at utility.Screenshot.getCurrentDate(Screenshot.java:49)
at utility.Screenshot.captureScreen(Screenshot.java:21)
at utility.Screenshot.getCurrentDate(Screenshot.java:49)
at utility.Screenshot.captureScreen(Screenshot.java:21)
at utility.Screenshot.getCurrentDate(Screenshot.java:49)
at utility.Screenshot.captureScreen(Screenshot.java:21)
at utility.Screenshot.getCurrentDate(Screenshot.java:49)
at utility.Screenshot.captureScreen(Screenshot.java:21)
at utility.Screenshot.getCurrentDate(Screenshot.java:49)
at utility.Screenshot.captureScreen(Screenshot.java:21)
at utility.Screenshot.getCurrentDate(Screenshot.java:49)
at utility.Screenshot.captureScreen(Screenshot.java:21)
at utility.Screenshot.getCurrentDate(Screenshot.java:49)
at utility.Screenshot.captureScreen(Screenshot.java:21)
at utility.Screenshot.getCurrentDate(Screenshot.java:49)
at utility.Screenshot.captureScreen(Screenshot.java:21)
at utility.Screenshot.getCurrentDate(Screenshot.java:49)
at utility.Screenshot.captureScreen(Screenshot.java:21)
at utility.Screenshot.getCurrentDate(Screenshot.java:49)
at utility.Screenshot.captureScreen(Screenshot.java:21)
at utility.Screenshot.getCurrentDate(Screenshot.java:49)
at utility.Screenshot.captureScreen(Screenshot.java:21)
at utility.Screenshot.getCurrentDate(Screenshot.java:49)
at utility.Screenshot.captureScreen(Screenshot.java:21)
at utility.Screenshot.getCurrentDate(Screenshot.java:49)
at utility.Screenshot.captureScreen(Screenshot.java:21)
at utility.Screenshot.getCurrentDate(Screenshot.java:49)
at utility.Screenshot.captureScreen(Screenshot.java:21)
at utility.Screenshot.getCurrentDate(Screenshot.java:49)
at utility.Screenshot.captureScreen(Screenshot.java:21)
at utility.Screenshot.getCurrentDate(Screenshot.java:49)
at utility.Screenshot.captureScreen(Screenshot.java:21)
at utility.Screenshot.getCurrentDate(Screenshot.java:49)
at utility.Screenshot.captureScreen(Screenshot.java:21)
at utility.Screenshot.getCurrentDate(Screenshot.java:49)
at utility.Screenshot.captureScreen(Screenshot.java:21)
at utility.Screenshot.getCurrentDate(Screenshot.java:49)
at utility.Screenshot.captureScreen(Screenshot.java:21)
at utility.Screenshot.getCurrentDate(Screenshot.java:49)
at utility.Screenshot.captureScreen(Screenshot.java:21)
at utility.Screenshot.getCurrentDate(Screenshot.java:49)
at utility.Screenshot.captureScreen(Screenshot.java:21)
at utility.Screenshot.getCurrentDate(Screenshot.java:49)
at utility.Screenshot.captureScreen(Screenshot.java:21)
at utility.Screenshot.getCurrentDate(Screenshot.java:49)
at utility.Screenshot.captureScreen(Screenshot.java:21)
at utility.Screenshot.getCurrentDate(Screenshot.java:49)
at utility.Screenshot.captureScreen(Screenshot.java:21)
at utility.Screenshot.getCurrentDate(Screenshot.java:49)
at utility.Screenshot.captureScreen(Screenshot.java:21)
at utility.Screenshot.getCurrentDate(Screenshot.java:49)
at utility.Screenshot.captureScreen(Screenshot.java:21)
at utility.Screenshot.getCurrentDate(Screenshot.java:49)
at utility.Screenshot.captureScreen(Screenshot.java:21)
at utility.Screenshot.getCurrentDate(Screenshot.java:49)
at utility.Screenshot.captureScreen(Screenshot.java:21)
at utility.Screenshot.getCurrentDate(Screenshot.java:49)
at utility.Screenshot.captureScreen(Screenshot.java:21)
at utility.Screenshot.getCurrentDate(Screenshot.java:49)
at utility.Screenshot.captureScreen(Screenshot.java:21)
at utility.Screenshot.getCurrentDate(Screenshot.java:49)
at utility.Screenshot.captureScreen(Screenshot.java:21)
at utility.Screenshot.getCurrentDate(Screenshot.java:49)
at utility.Screenshot.captureScreen(Screenshot.java:21)
at utility.Screenshot.getCurrentDate(Screenshot.java:49)
at utility.Screenshot.captureScreen(Screenshot.java:21)
at utility.Screenshot.getCurrentDate(Screenshot.java:49)
at utility.Screenshot.captureScreen(Screenshot.java:21)
at utility.Screenshot.getCurrentDate(Screenshot.java:49)
at utility.Screenshot.captureScreen(Screenshot.java:21)
at utility.Screenshot.getCurrentDate(Screenshot.java:49)
at utility.Screenshot.captureScreen(Screenshot.java:21)
at utility.Screenshot.getCurrentDate(Screenshot.java:49)
at utility.Screenshot.captureScreen(Screenshot.java:21)
at utility.Screenshot.getCurrentDate(Screenshot.java:49)
at utility.Screenshot.captureScreen(Screenshot.java:21)
at utility.Screenshot.getCurrentDate(Screenshot.java:49)
at utility.Screenshot.captureScreen(Screenshot.java:21)
at utility.Screenshot.getCurrentDate(Screenshot.java:49)
at utility.Screenshot.captureScreen(Screenshot.java:21)
at utility.Screenshot.getCurrentDate(Screenshot.java:49)
at utility.Screenshot.captureScreen(Screenshot.java:21)
at utility.Screenshot.getCurrentDate(Screenshot.java:49)
at utility.Screenshot.captureScreen(Screenshot.java:21)
at utility.Screenshot.getCurrentDate(Screenshot.java:49)
at utility.Screenshot.captureScreen(Screenshot.java:21)
at utility.Screenshot.getCurrentDate(Screenshot.java:49)
at utility.Screenshot.captureScreen(Screenshot.java:21)
at utility.Screenshot.getCurrentDate(Screenshot.java:49)
at utility.Screenshot.captureScreen(Screenshot.java:21)
at utility.Screenshot.getCurrentDate(Screenshot.java:49)
at utility.Screenshot.captureScreen(Screenshot.java:21)
at utility.Screenshot.getCurrentDate(Screenshot.java:49)
at utility.Screenshot.captureScreen(Screenshot.java:21)
at utility.Screenshot.getCurrentDate(Screenshot.java:49)
at utility.Screenshot.captureScreen(Screenshot.java:21)
at utility.Screenshot.getCurrentDate(Screenshot.java:49)
at utility.Screenshot.captureScreen(Screenshot.java:21)
at utility.Screenshot.getCurrentDate(Screenshot.java:49)
at utility.Screenshot.captureScreen(Screenshot.java:21)
at utility.Screenshot.getCurrentDate(Screenshot.java:49)
at utility.Screenshot.captureScreen(Screenshot.java:21)
at utility.Screenshot.getCurrentDate(Screenshot.java:49)
at utility.Screenshot.captureScreen(Screenshot.java:21)
at utility.Screenshot.getCurrentDate(Screenshot.java:49)
at utility.Screenshot.captureScreen(Screenshot.java:21)
at utility.Screenshot.getCurrentDate(Screenshot.java:49)
at utility.Screenshot.captureScreen(Screenshot.java:21)
at utility.Screenshot.getCurrentDate(Screenshot.java:49)
at utility.Screenshot.captureScreen(Screenshot.java:21)
at utility.Screenshot.getCurrentDate(Screenshot.java:49)
at utility.Screenshot.captureScreen(Screenshot.java:21)
at utility.Screenshot.getCurrentDate(Screenshot.java:49)
at utility.Screenshot.captureScreen(Screenshot.java:21)
at utility.Screenshot.getCurrentDate(Screenshot.java:49)
at utility.Screenshot.captureScreen(Screenshot.java:21)
at utility.Screenshot.getCurrentDate(Screenshot.java:49)
at utility.Screenshot.captureScreen(Screenshot.java:21)
at utility.Screenshot.getCurrentDate(Screenshot.java:49)
at utility.Screenshot.captureScreen(Screenshot.java:21)
at utility.Screenshot.getCurrentDate(Screenshot.java:49)
at utility.Screenshot.captureScreen(Screenshot.java:21)
at utility.Screenshot.getCurrentDate(Screenshot.java:49)
at utility.Screenshot.captureScreen(Screenshot.java:21)
at utility.Screenshot.getCurrentDate(Screenshot.java:49)
at utility.Screenshot.captureScreen(Screenshot.java:21)
at utility.Screenshot.getCurrentDate(Screenshot.java:49)
at utility.Screenshot.captureScreen(Screenshot.java:21)
at utility.Screenshot.getCurrentDate(Screenshot.java:49)
at utility.Screenshot.captureScreen(Screenshot.java:21)
at utility.Screenshot.getCurrentDate(Screenshot.java:49)
at utility.Screenshot.captureScreen(Screenshot.java:21)
at utility.Screenshot.getCurrentDate(Screenshot.java:49)
at utility.Screenshot.captureScreen(Screenshot.java:21)
at utility.Screenshot.getCurrentDate(Screenshot.java:49)
at utility.Screenshot.captureScreen(Screenshot.java:21)
at utility.Screenshot.getCurrentDate(Screenshot.java:49)
at utility.Screenshot.captureScreen(Screenshot.java:21)
at utility.Screenshot.getCurrentDate(Screenshot.java:49)
at utility.Screenshot.captureScreen(Screenshot.java:21)
at utility.Screenshot.getCurrentDate(Screenshot.java:49)
at utility.Screenshot.captureScreen(Screenshot.java:21)
at utility.Screenshot.getCurrentDate(Screenshot.java:49)
at utility.Screenshot.captureScreen(Screenshot.java:21)
at utility.Screenshot.getCurrentDate(Screenshot.java:49)
at utility.Screenshot.captureScreen(Screenshot.java:21)
at utility.Screenshot.getCurrentDate(Screenshot.java:49)
at utility.Screenshot.captureScreen(Screenshot.java:21)
at utility.Screenshot.getCurrentDate(Screenshot.java:49)
at utility.Screenshot.captureScreen(Screenshot.java:21)
at utility.Screenshot.getCurrentDate(Screenshot.java:49)
at utility.Screenshot.captureScreen(Screenshot.java:21)
at utility.Screenshot.getCurrentDate(Screenshot.java:49)
at utility.Screenshot.captureScreen(Screenshot.java:21)
at utility.Screenshot.getCurrentDate(Screenshot.java:49)
at utility.Screenshot.captureScreen(Screenshot.java:21)
at utility.Screenshot.getCurrentDate(Screenshot.java:49)
at utility.Screenshot.captureScreen(Screenshot.java:21)
at utility.Screenshot.getCurrentDate(Screenshot.java:49)
at utility.Screenshot.captureScreen(Screenshot.java:21)
at utility.Screenshot.getCurrentDate(Screenshot.java:49)
at utility.Screenshot.captureScreen(Screenshot.java:21)
at utility.Screenshot.getCurrentDate(Screenshot.java:49)
at utility.Screenshot.captureScreen(Screenshot.java:21)
at utility.Screenshot.getCurrentDate(Screenshot.java:49)
at utility.Screenshot.captureScreen(Screenshot.java:21)
at utility.Screenshot.getCurrentDate(Screenshot.java:49)
at utility.Screenshot.captureScreen(Screenshot.java:21)
at utility.Screenshot.getCurrentDate(Screenshot.java:49)
at utility.Screenshot.captureScreen(Screenshot.java:21)
at utility.Screenshot.getCurrentDate(Screenshot.java:49)
at utility.Screenshot.captureScreen(Screenshot.java:21)
at utility.Screenshot.getCurrentDate(Screenshot.java:49)
at utility.Screenshot.captureScreen(Screenshot.java:21)
at utility.Screenshot.getCurrentDate(Screenshot.java:49)
at utility.Screenshot.captureScreen(Screenshot.java:21)
at utility.Screenshot.getCurrentDate(Screenshot.java:49)
at utility.Screenshot.captureScreen(Screenshot.java:21)
at utility.Screenshot.getCurrentDate(Screenshot.java:49)
at utility.Screenshot.captureScreen(Screenshot.java:21)
at utility.Screenshot.getCurrentDate(Screenshot.java:49)
at utility.Screenshot.captureScreen(Screenshot.java:21)
at utility.Screenshot.getCurrentDate(Screenshot.java:49)
at utility.Screenshot.captureScreen(Screenshot.java:21)
at utility.Screenshot.getCurrentDate(Screenshot.java:49)
at utility.Screenshot.captureScreen(Screenshot.java:21)
at utility.Screenshot.getCurrentDate(Screenshot.java:49)
at utility.Screenshot.captureScreen(Screenshot.java:21)
at utility.Screenshot.getCurrentDate(Screenshot.java:49)
at utility.Screenshot.captureScreen(Screenshot.java:21)
at utility.Screenshot.getCurrentDate(Screenshot.java:49)
at utility.Screenshot.captureScreen(Screenshot.java:21)
at utility.Screenshot.getCurrentDate(Screenshot.java:49)
at utility.Screenshot.captureScreen(Screenshot.java:21)
at utility.Screenshot.getCurrentDate(Screenshot.java:49)
at utility.Screenshot.captureScreen(Screenshot.java:21)
at utility.Screenshot.getCurrentDate(Screenshot.java:49)
at utility.Screenshot.captureScreen(Screenshot.java:21)
at utility.Screenshot.getCurrentDate(Screenshot.java:49)
at utility.Screenshot.captureScreen(Screenshot.java:21)
at utility.Screenshot.getCurrentDate(Screenshot.java:49)
at utility.Screenshot.captureScreen(Screenshot.java:21)
at utility.Screenshot.getCurrentDate(Screenshot.java:49)
at utility.Screenshot.captureScreen(Screenshot.java:21)
at utility.Screenshot.getCurrentDate(Screenshot.java:49)
at utility.Screenshot.captureScreen(Screenshot.java:21)
at utility.Screenshot.getCurrentDate(Screenshot.java:49)
at utility.Screenshot.captureScreen(Screenshot.java:21)
at utility.Screenshot.getCurrentDate(Screenshot.java:49)
at utility.Screenshot.captureScreen(Screenshot.java:21)
at utility.Screenshot.getCurrentDate(Screenshot.java:49)
at utility.Screenshot.captureScreen(Screenshot.java:21)
at utility.Screenshot.getCurrentDate(Screenshot.java:49)
at utility.Screenshot.captureScreen(Screenshot.java:21)
at utility.Screenshot.getCurrentDate(Screenshot.java:49)
at utility.Screenshot.captureScreen(Screenshot.java:21)
at utility.Screenshot.getCurrentDate(Screenshot.java:49)
at utility.Screenshot.captureScreen(Screenshot.java:21)
at utility.Screenshot.getCurrentDate(Screenshot.java:49)
at utility.Screenshot.captureScreen(Screenshot.java:21)
at utility.Screenshot.getCurrentDate(Screenshot.java:49)
at utility.Screenshot.captureScreen(Screenshot.java:21)
at utility.Screenshot.getCurrentDate(Screenshot.java:49)
at utility.Screenshot.captureScreen(Screenshot.java:21)
at utility.Screenshot.getCurrentDate(Screenshot.java:49)
at utility.Screenshot.captureScreen(Screenshot.java:21)
at utility.Screenshot.getCurrentDate(Screenshot.java:49)
at utility.Screenshot.captureScreen(Screenshot.java:21)
at utility.Screenshot.getCurrentDate(Screenshot.java:49)
at utility.Screenshot.captureScreen(Screenshot.java:21)
at utility.Screenshot.getCurrentDate(Screenshot.java:49)
at utility.Screenshot.captureScreen(Screenshot.java:21)
at utility.Screenshot.getCurrentDate(Screenshot.java:49)
at utility.Screenshot.captureScreen(Screenshot.java:21)
at utility.Screenshot.getCurrentDate(Screenshot.java:49)
at utility.Screenshot.captureScreen(Screenshot.java:21)
at utility.Screenshot.getCurrentDate(Screenshot.java:49)
at utility.Screenshot.captureScreen(Screenshot.java:21)
at utility.Screenshot.getCurrentDate(Screenshot.java:49)
at utility.Screenshot.captureScreen(Screenshot.java:21)
at utility.Screenshot.getCurrentDate(Screenshot.java:49)
at utility.Screenshot.captureScreen(Screenshot.java:21)
at utility.Screenshot.getCurrentDate(Screenshot.java:49)
at utility.Screenshot.captureScreen(Screenshot.java:21)
at utility.Screenshot.getCurrentDate(Screenshot.java:49)
at utility.Screenshot.captureScreen(Screenshot.java:21)
at utility.Screenshot.getCurrentDate(Screenshot.java:49)
at utility.Screenshot.captureScreen(Screenshot.java:21)
at utility.Screenshot.getCurrentDate(Screenshot.java:49)
at utility.Screenshot.captureScreen(Screenshot.java:21)
at utility.Screenshot.getCurrentDate(Screenshot.java:49)
at utility.Screenshot.captureScreen(Screenshot.java:21)
at utility.Screenshot.getCurrentDate(Screenshot.java:49)
at utility.Screenshot.captureScreen(Screenshot.java:21)
at utility.Screenshot.getCurrentDate(Screenshot.java:49)
at utility.Screenshot.captureScreen(Screenshot.java:21)
at utility.Screenshot.getCurrentDate(Screenshot.java:49)
at utility.Screenshot.captureScreen(Screenshot.java:21)
at utility.Screenshot.getCurrentDate(Screenshot.java:49)
at utility.Screenshot.captureScreen(Screenshot.java:21)
at utility.Screenshot.getCurrentDate(Screenshot.java:49)
at utility.Screenshot.captureScreen(Screenshot.java:21)
at utility.Screenshot.getCurrentDate(Screenshot.java:49)
at utility.Screenshot.captureScreen(Screenshot.java:21)
at utility.Screenshot.getCurrentDate(Screenshot.java:49)
at utility.Screenshot.captureScreen(Screenshot.java:21)
at utility.Screenshot.getCurrentDate(Screenshot.java:49)
at utility.Screenshot.captureScreen(Screenshot.java:21)
at utility.Screenshot.getCurrentDate(Screenshot.java:49)
at utility.Screenshot.captureScreen(Screenshot.java:21)
at utility.Screenshot.getCurrentDate(Screenshot.java:49)
at utility.Screenshot.captureScreen(Screenshot.java:21)
at utility.Screenshot.getCurrentDate(Screenshot.java:49)
at utility.Screenshot.captureScreen(Screenshot.java:21)
at utility.Screenshot.getCurrentDate(Screenshot.java:49)
at utility.Screenshot.captureScreen(Screenshot.java:21)
at utility.Screenshot.getCurrentDate(Screenshot.java:49)
at utility.Screenshot.captureScreen(Screenshot.java:21)
at utility.Screenshot.getCurrentDate(Screenshot.java:49)
at utility.Screenshot.captureScreen(Screenshot.java:21)
at utility.Screenshot.getCurrentDate(Screenshot.java:49)
at utility.Screenshot.captureScreen(Screenshot.java:21)
at utility.Screenshot.getCurrentDate(Screenshot.java:49)
at utility.Screenshot.captureScreen(Screenshot.java:21)
at utility.Screenshot.getCurrentDate(Screenshot.java:49)
at utility.Screenshot.captureScreen(Screenshot.java:21)
at utility.Screenshot.getCurrentDate(Screenshot.java:49)
at utility.Screenshot.captureScreen(Screenshot.java:21)
at utility.Screenshot.getCurrentDate(Screenshot.java:49)
at utility.Screenshot.captureScreen(Screenshot.java:21)
at utility.Screenshot.getCurrentDate(Screenshot.java:49)
at utility.Screenshot.captureScreen(Screenshot.java:21)
at utility.Screenshot.getCurrentDate(Screenshot.java:49)
at utility.Screenshot.captureScreen(Screenshot.java:21)
at utility.Screenshot.getCurrentDate(Screenshot.java:49)
at utility.Screenshot.captureScreen(Screenshot.java:21)
at utility.Screenshot.getCurrentDate(Screenshot.java:49)
at utility.Screenshot.captureScreen(Screenshot.java:21)
at utility.Screenshot.getCurrentDate(Screenshot.java:49)
at utility.Screenshot.captureScreen(Screenshot.java:21)
at utility.Screenshot.getCurrentDate(Screenshot.java:49)
at utility.Screenshot.captureScreen(Screenshot.java:21)
at utility.Screenshot.getCurrentDate(Screenshot.java:49)
at utility.Screenshot.captureScreen(Screenshot.java:21)
at utility.Screenshot.getCurrentDate(Screenshot.java:49)
at utility.Screenshot.captureScreen(Screenshot.java:21)
at utility.Screenshot.getCurrentDate(Screenshot.java:49)
at utility.Screenshot.captureScreen(Screenshot.java:21)
at utility.Screenshot.getCurrentDate(Screenshot.java:49)
at utility.Screenshot.captureScreen(Screenshot.java:21)
at utility.Screenshot.getCurrentDate(Screenshot.java:49)
at utility.Screenshot.captureScreen(Screenshot.java:21)
at utility.Screenshot.getCurrentDate(Screenshot.java:49)
at utility.Screenshot.captureScreen(Screenshot.java:21)
at utility.Screenshot.getCurrentDate(Screenshot.java:49)
at utility.Screenshot.captureScreen(Screenshot.java:21)
at utility.Screenshot.getCurrentDate(Screenshot.java:49)
at utility.Screenshot.captureScreen(Screenshot.java:21)
at utility.Screenshot.getCurrentDate(Screenshot.java:49)
at utility.Screenshot.captureScreen(Screenshot.java:21)
at utility.Screenshot.getCurrentDate(Screenshot.java:49)
at utility.Screenshot.captureScreen(Screenshot.java:21)
at utility.Screenshot.getCurrentDate(Screenshot.java:49)
at utility.Screenshot.captureScreen(Screenshot.java:21)
at utility.Screenshot.getCurrentDate(Screenshot.java:49)
at utility.Screenshot.captureScreen(Screenshot.java:21)
at utility.Screenshot.getCurrentDate(Screenshot.java:49)
at utility.Screenshot.captureScreen(Screenshot.java:21)
at utility.Screenshot.getCurrentDate(Screenshot.java:49)
at utility.Screenshot.captureScreen(Screenshot.java:21)
at utility.Screenshot.getCurrentDate(Screenshot.java:49)
at utility.Screenshot.captureScreen(Screenshot.java:21)
at utility.Screenshot.getCurrentDate(Screenshot.java:49)
at utility.Screenshot.captureScreen(Screenshot.java:21)
at utility.Screenshot.getCurrentDate(Screenshot.java:49)
at utility.Screenshot.captureScreen(Screenshot.java:21)
at utility.Screenshot.getCurrentDate(Screenshot.java:49)
at utility.Screenshot.captureScreen(Screenshot.java:21)
at utility.Screenshot.getCurrentDate(Screenshot.java:49)
at utility.Screenshot.captureScreen(Screenshot.java:21)
at utility.Screenshot.getCurrentDate(Screenshot.java:49)
at utility.Screenshot.captureScreen(Screenshot.java:21)
at utility.Screenshot.getCurrentDate(Screenshot.java:49)
at utility.Screenshot.captureScreen(Screenshot.java:21)
at utility.Screenshot.getCurrentDate(Screenshot.java:49)
at utility.Screenshot.captureScreen(Screenshot.java:21)
at utility.Screenshot.getCurrentDate(Screenshot.java:49)
at utility.Screenshot.captureScreen(Screenshot.java:21)
at utility.Screenshot.getCurrentDate(Screenshot.java:49)
at utility.Screenshot.captureScreen(Screenshot.java:21)
at utility.Screenshot.getCurrentDate(Screenshot.java:49)
at utility.Screenshot.captureScreen(Screenshot.java:21)
at utility.Screenshot.getCurrentDate(Screenshot.java:49)
at utility.Screenshot.captureScreen(Screenshot.java:21)
at utility.Screenshot.getCurrentDate(Screenshot.java:49)
at utility.Screenshot.captureScreen(Screenshot.java:21)
at utility.Screenshot.getCurrentDate(Screenshot.java:49)
at utility.Screenshot.captureScreen(Screenshot.java:21)
at utility.Screenshot.getCurrentDate(Screenshot.java:49)
at utility.Screenshot.captureScreen(Screenshot.java:21)
at utility.Screenshot.getCurrentDate(Screenshot.java:49)
at utility.Screenshot.captureScreen(Screenshot.java:21)
at utility.Screenshot.getCurrentDate(Screenshot.java:49)
at utility.Screenshot.captureScreen(Screenshot.java:21)
at utility.Screenshot.getCurrentDate(Screenshot.java:49)
at utility.Screenshot.captureScreen(Screenshot.java:21)
at utility.Screenshot.getCurrentDate(Screenshot.java:49)
at utility.Screenshot.captureScreen(Screenshot.java:21)
at utility.Screenshot.getCurrentDate(Screenshot.java:49)
at utility.Screenshot.captureScreen(Screenshot.java:21)
at utility.Screenshot.getCurrentDate(Screenshot.java:49)
at utility.Screenshot.captureScreen(Screenshot.java:21)
at utility.Screenshot.getCurrentDate(Screenshot.java:49)
at utility.Screenshot.captureScreen(Screenshot.java:21)
at utility.Screenshot.getCurrentDate(Screenshot.java:49)
at utility.Screenshot.captureScreen(Screenshot.java:21)
at utility.Screenshot.getCurrentDate(Screenshot.java:49)
at utility.Screenshot.captureScreen(Screenshot.java:21)
at utility.Screenshot.getCurrentDate(Screenshot.java:49)
at utility.Screenshot.captureScreen(Screenshot.java:21)
at utility.Screenshot.getCurrentDate(Screenshot.java:49)
at utility.Screenshot.captureScreen(Screenshot.java:21)
at utility.Screenshot.getCurrentDate(Screenshot.java:49)
at utility.Screenshot.captureScreen(Screenshot.java:21)
at utility.Screenshot.getCurrentDate(Screenshot.java:49)
at utility.Screenshot.captureScreen(Screenshot.java:21)
at utility.Screenshot.getCurrentDate(Screenshot.java:49)
at utility.Screenshot.captureScreen(Screenshot.java:21)
at utility.Screenshot.getCurrentDate(Screenshot.java:49)
at utility.Screenshot.captureScreen(Screenshot.java:21)
at utility.Screenshot.getCurrentDate(Screenshot.java:49)
at utility.Screenshot.captureScreen(Screenshot.java:21)
at utility.Screenshot.getCurrentDate(Screenshot.java:49)
at utility.Screenshot.captureScreen(Screenshot.java:21)
at utility.Screenshot.getCurrentDate(Screenshot.java:49)
at utility.Screenshot.captureScreen(Screenshot.java:21)
at utility.Screenshot.getCurrentDate(Screenshot.java:49)
at utility.Screenshot.captureScreen(Screenshot.java:21)
at utility.Screenshot.getCurrentDate(Screenshot.java:49)
at utility.Screenshot.captureScreen(Screenshot.java:21)
at utility.Screenshot.getCurrentDate(Screenshot.java:49)
at utility.Screenshot.captureScreen(Screenshot.java:21)
at utility.Screenshot.getCurrentDate(Screenshot.java:49)
at utility.Screenshot.captureScreen(Screenshot.java:21)
at utility.Screenshot.getCurrentDate(Screenshot.java:49)
at utility.Screenshot.captureScreen(Screenshot.java:21)
at utility.Screenshot.getCurrentDate(Screenshot.java:49)
at utility.Screenshot.captureScreen(Screenshot.java:21)
at utility.Screenshot.getCurrentDate(Screenshot.java:49)
at utility.Screenshot.captureScreen(Screenshot.java:21)
at utility.Screenshot.getCurrentDate(Screenshot.java:49)
at utility.Screenshot.captureScreen(Screenshot.java:21)
at utility.Screenshot.getCurrentDate(Screenshot.java:49)
at utility.Screenshot.captureScreen(Screenshot.java:21)
at utility.Screenshot.getCurrentDate(Screenshot.java:49)
at utility.Screenshot.captureScreen(Screenshot.java:21)
at utility.Screenshot.getCurrentDate(Screenshot.java:49)
at utility.Screenshot.captureScreen(Screenshot.java:21)
at utility.Screenshot.getCurrentDate(Screenshot.java:49)
at utility.Screenshot.captureScreen(Screenshot.java:21)
at utility.Screenshot.getCurrentDate(Screenshot.java:49)
at utility.Screenshot.captureScreen(Screenshot.java:21)
at utility.Screenshot.getCurrentDate(Screenshot.java:49)
at utility.Screenshot.captureScreen(Screenshot.java:21)
at utility.Screenshot.getCurrentDate(Screenshot.java:49)
at utility.Screenshot.captureScreen(Screenshot.java:21)
at utility.Screenshot.getCurrentDate(Screenshot.java:49)
at utility.Screenshot.captureScreen(Screenshot.java:21)
at utility.Screenshot.getCurrentDate(Screenshot.java:49)
at utility.Screenshot.captureScreen(Screenshot.java:21)
at utility.Screenshot.getCurrentDate(Screenshot.java:49)
at utility.Screenshot.captureScreen(Screenshot.java:21)
at utility.Screenshot.getCurrentDate(Screenshot.java:49)
at utility.Screenshot.captureScreen(Screenshot.java:21)
at utility.Screenshot.getCurrentDate(Screenshot.java:49)
at utility.Screenshot.captureScreen(Screenshot.java:21)
at utility.Screenshot.getCurrentDate(Screenshot.java:49)
at utility.Screenshot.captureScreen(Screenshot.java:21)
at utility.Screenshot.getCurrentDate(Screenshot.java:49)
at utility.Screenshot.captureScreen(Screenshot.java:21)
at utility.Screenshot.getCurrentDate(Screenshot.java:49)
at utility.Screenshot.captureScreen(Screenshot.java:21)
at utility.Screenshot.getCurrentDate(Screenshot.java:49)
at utility.Screenshot.captureScreen(Screenshot.java:21)
at utility.Screenshot.getCurrentDate(Screenshot.java:49)
at utility.Screenshot.captureScreen(Screenshot.java:21)
at utility.Screenshot.getCurrentDate(Screenshot.java:49)
at utility.Screenshot.captureScreen(Screenshot.java:21)
at utility.Screenshot.getCurrentDate(Screenshot.java:49)
at utility.Screenshot.captureScreen(Screenshot.java:21)
at utility.Screenshot.getCurrentDate(Screenshot.java:49)
at utility.Screenshot.captureScreen(Screenshot.java:21)
at utility.Screenshot.getCurrentDate(Screenshot.java:49)
at utility.Screenshot.captureScreen(Screenshot.java:21)
at utility.Screenshot.getCurrentDate(Screenshot.java:49)
at utility.Screenshot.captureScreen(Screenshot.java:21)
at utility.Screenshot.getCurrentDate(Screenshot.java:49)
at utility.Screenshot.captureScreen(Screenshot.java:21)
at utility.Screenshot.getCurrentDate(Screenshot.java:49)
at utility.Screenshot.captureScreen(Screenshot.java:21)
at utility.Screenshot.getCurrentDate(Screenshot.java:49)
at utility.Screenshot.captureScreen(Screenshot.java:21)
at utility.Screenshot.getCurrentDate(Screenshot.java:49)
at utility.Screenshot.captureScreen(Screenshot.java:21)
at utility.Screenshot.getCurrentDate(Screenshot.java:49)
at utility.Screenshot.captureScreen(Screenshot.java:21)
at utility.Screenshot.getCurrentDate(Screenshot.java:49)
at utility.Screenshot.captureScreen(Screenshot.java:21)
at utility.Screenshot.getCurrentDate(Screenshot.java:49)
at utility.Screenshot.captureScreen(Screenshot.java:21)
at utility.Screenshot.getCurrentDate(Screenshot.java:49)
at utility.Screenshot.captureScreen(Screenshot.java:21)
at utility.Screenshot.getCurrentDate(Screenshot.java:49)
at utility.Screenshot.captureScreen(Screenshot.java:21)
at utility.Screenshot.getCurrentDate(Screenshot.java:49)
at utility.Screenshot.captureScreen(Screenshot.java:21)
at utility.Screenshot.getCurrentDate(Screenshot.java:49)
at utility.Screenshot.captureScreen(Screenshot.java:21)
at utility.Screenshot.getCurrentDate(Screenshot.java:49)
at utility.Screenshot.captureScreen(Screenshot.java:21)
at utility.Screenshot.getCurrentDate(Screenshot.java:49)
at utility.Screenshot.captureScreen(Screenshot.java:21)
at utility.Screenshot.getCurrentDate(Screenshot.java:49)
at utility.Screenshot.captureScreen(Screenshot.java:21)
at utility.Screenshot.getCurrentDate(Screenshot.java:49)
at utility.Screenshot.captureScreen(Screenshot.java:21)
at utility.Screenshot.getCurrentDate(Screenshot.java:49)
at utility.Screenshot.captureScreen(Screenshot.java:21)
at utility.Screenshot.getCurrentDate(Screenshot.java:49)
at utility.Screenshot.captureScreen(Screenshot.java:21)
at utility.Screenshot.getCurrentDate(Screenshot.java:49)
at utility.Screenshot.captureScreen(Screenshot.java:21)
at utility.Screenshot.getCurrentDate(Screenshot.java:49)
at utility.Screenshot.captureScreen(Screenshot.java:21)
at utility.Screenshot.getCurrentDate(Screenshot.java:49)
at utility.Screenshot.captureScreen(Screenshot.java:21)
at utility.Screenshot.getCurrentDate(Screenshot.java:49)
at utility.Screenshot.captureScreen(Screenshot.java:21)
at utility.Screenshot.getCurrentDate(Screenshot.java:49)
at utility.Screenshot.captureScreen(Screenshot.java:21)
at utility.Screenshot.getCurrentDate(Screenshot.java:49)
at utility.Screenshot.captureScreen(Screenshot.java:21)
at utility.Screenshot.getCurrentDate(Screenshot.java:49)
at utility.Screenshot.captureScreen(Screenshot.java:21)
at utility.Screenshot.getCurrentDate(Screenshot.java:49)
at utility.Screenshot.captureScreen(Screenshot.java:21)
at utility.Screenshot.getCurrentDate(Screenshot.java:49)
at utility.Screenshot.captureScreen(Screenshot.java:21)
at utility.Screenshot.getCurrentDate(Screenshot.java:49)
at utility.Screenshot.captureScreen(Screenshot.java:21)
at utility.Screenshot.getCurrentDate(Screenshot.java:49)
at utility.Screenshot.captureScreen(Screenshot.java:21)
at utility.Screenshot.getCurrentDate(Screenshot.java:49)
at utility.Screenshot.captureScreen(Screenshot.java:21)
at utility.Screenshot.getCurrentDate(Screenshot.java:49)
at utility.Screenshot.captureScreen(Screenshot.java:21)
at utility.Screenshot.getCurrentDate(Screenshot.java:49)
at utility.Screenshot.captureScreen(Screenshot.java:21)
at utility.Screenshot.getCurrentDate(Screenshot.java:49)
at utility.Screenshot.captureScreen(Screenshot.java:21)
at utility.Screenshot.getCurrentDate(Screenshot.java:49)
at utility.Screenshot.captureScreen(Screenshot.java:21)
at utility.Screenshot.getCurrentDate(Screenshot.java:49)
at utility.Screenshot.captureScreen(Screenshot.java:21)
at utility.Screenshot.getCurrentDate(Screenshot.java:49)
at utility.Screenshot.captureScreen(Screenshot.java:21)
at utility.Screenshot.getCurrentDate(Screenshot.java:49)
at utility.Screenshot.captureScreen(Screenshot.java:21)
at utility.Screenshot.getCurrentDate(Screenshot.java:49)
at utility.Screenshot.captureScreen(Screenshot.java:21)
at utility.Screenshot.getCurrentDate(Screenshot.java:49)
at utility.Screenshot.captureScreen(Screenshot.java:21)
at utility.Screenshot.getCurrentDate(Screenshot.java:49)
at utility.Screenshot.captureScreen(Screenshot.java:21)
at utility.Screenshot.getCurrentDate(Screenshot.java:49)
at utility.Screenshot.captureScreen(Screenshot.java:21)
at utility.Screenshot.getCurrentDate(Screenshot.java:49)
at utility.Screenshot.captureScreen(Screenshot.java:21)
at utility.Screenshot.getCurrentDate(Screenshot.java:49)
at utility.Screenshot.captureScreen(Screenshot.java:21)
at utility.Screenshot.getCurrentDate(Screenshot.java:49)
at utility.Screenshot.captureScreen(Screenshot.java:21)
at utility.Screenshot.getCurrentDate(Screenshot.java:49)
at utility.Screenshot.captureScreen(Screenshot.java:21)
at utility.Screenshot.getCurrentDate(Screenshot.java:49)
at utility.Screenshot.captureScreen(Screenshot.java:21)
at utility.Screenshot.getCurrentDate(Screenshot.java:49)
at utility.Screenshot.captureScreen(Screenshot.java:21)
at utility.Screenshot.getCurrentDate(Screenshot.java:49)
at utility.Screenshot.captureScreen(Screenshot.java:21)
at utility.Screenshot.getCurrentDate(Screenshot.java:49)
at utility.Screenshot.captureScreen(Screenshot.java:21)
at utility.Screenshot.getCurrentDate(Screenshot.java:49)
at utility.Screenshot.captureScreen(Screenshot.java:21)
at utility.Screenshot.getCurrentDate(Screenshot.java:49)
at utility.Screenshot.captureScreen(Screenshot.java:21)
at utility.Screenshot.getCurrentDate(Screenshot.java:49)
at utility.Screenshot.captureScreen(Screenshot.java:21)
at utility.Screenshot.getCurrentDate(Screenshot.java:49)
at utility.Screenshot.captureScreen(Screenshot.java:21)
at utility.Screenshot.getCurrentDate(Screenshot.java:49)
at utility.Screenshot.captureScreen(Screenshot.java:21)
at utility.Screenshot.getCurrentDate(Screenshot.java:49)
at utility.Screenshot.captureScreen(Screenshot.java:21)
at utility.Screenshot.getCurrentDate(Screenshot.java:49)
at utility.Screenshot.captureScreen(Screenshot.java:21)
at utility.Screenshot.getCurrentDate(Screenshot.java:49)
at utility.Screenshot.captureScreen(Screenshot.java:21)
at utility.Screenshot.getCurrentDate(Screenshot.java:49)
at utility.Screenshot.captureScreen(Screenshot.java:21)
at utility.Screenshot.getCurrentDate(Screenshot.java:49)
at utility.Screenshot.captureScreen(Screenshot.java:21)
at utility.Screenshot.getCurrentDate(Screenshot.java:49)
at utility.Screenshot.captureScreen(Screenshot.java:21)
at utility.Screenshot.getCurrentDate(Screenshot.java:49)
at utility.Screenshot.captureScreen(Screenshot.java:21)
at utility.Screenshot.getCurrentDate(Screenshot.java:49)
at utility.Screenshot.captureScreen(Screenshot.java:21)
at utility.Screenshot.getCurrentDate(Screenshot.java:49)
at utility.Screenshot.captureScreen(Screenshot.java:21)
at utility.Screenshot.getCurrentDate(Screenshot.java:49)
at utility.Screenshot.captureScreen(Screenshot.java:21)
at utility.Screenshot.getCurrentDate(Screenshot.java:49)
at utility.Screenshot.captureScreen(Screenshot.java:21)
at utility.Screenshot.getCurrentDate(Screenshot.java:49)
at utility.Screenshot.captureScreen(Screenshot.java:21)
at utility.Screenshot.getCurrentDate(Screenshot.java:49)
at utility.Screenshot.captureScreen(Screenshot.java:21)
at utility.Screenshot.getCurrentDate(Screenshot.java:49)
at utility.Screenshot.captureScreen(Screenshot.java:21)
at utility.Screenshot.getCurrentDate(Screenshot.java:49)
at utility.Screenshot.captureScreen(Screenshot.java:21)
at utility.Screenshot.getCurrentDate(Screenshot.java:49)
at utility.Screenshot.captureScreen(Screenshot.java:21)
at utility.Screenshot.getCurrentDate(Screenshot.java:49)
at utility.Screenshot.captureScreen(Screenshot.java:21)
at utility.Screenshot.getCurrentDate(Screenshot.java:49)
at utility.Screenshot.captureScreen(Screenshot.java:21)
at utility.Screenshot.getCurrentDate(Screenshot.java:49)
at utility.Screenshot.captureScreen(Screenshot.java:21)
at utility.Screenshot.getCurrentDate(Screenshot.java:49)
at utility.Screenshot.captureScreen(Screenshot.java:21)
at utility.Screenshot.getCurrentDate(Screenshot.java:49)
at utility.Screenshot.captureScreen(Screenshot.java:21)
at utility.Screenshot.getCurrentDate(Screenshot.java:49)
at utility.Screenshot.captureScreen(Screenshot.java:21)
at utility.Screenshot.getCurrentDate(Screenshot.java:49)
at utility.Screenshot.captureScreen(Screenshot.java:21)
at utility.Screenshot.getCurrentDate(Screenshot.java:49)
at utility.Screenshot.captureScreen(Screenshot.java:21)
at utility.Screenshot.getCurrentDate(Screenshot.java:49)
at utility.Screenshot.captureScreen(Screenshot.java:21)
at utility.Screenshot.getCurrentDate(Screenshot.java:49)
at utility.Screenshot.captureScreen(Screenshot.java:21)
at utility.Screenshot.getCurrentDate(Screenshot.java:49)
at utility.Screenshot.captureScreen(Screenshot.java:21)
at utility.Screenshot.getCurrentDate(Screenshot.java:49)
at utility.Screenshot.captureScreen(Screenshot.java:21)
at utility.Screenshot.getCurrentDate(Screenshot.java:49)
at utility.Screenshot.captureScreen(Screenshot.java:21)
at utility.Screenshot.getCurrentDate(Screenshot.java:49)
at utility.Screenshot.captureScreen(Screenshot.java:21)
at utility.Screenshot.getCurrentDate(Screenshot.java:49)
at utility.Screenshot.captureScreen(Screenshot.java:21)
at utility.Screenshot.getCurrentDate(Screenshot.java:49)
at utility.Screenshot.captureScreen(Screenshot.java:21)
at utility.Screenshot.getCurrentDate(Screenshot.java:49)
at utility.Screenshot.captureScreen(Screenshot.java:21)
at utility.Screenshot.getCurrentDate(Screenshot.java:49)
at utility.Screenshot.captureScreen(Screenshot.java:21)
at utility.Screenshot.getCurrentDate(Screenshot.java:49)
at utility.Screenshot.captureScreen(Screenshot.java:21)
at utility.Screenshot.getCurrentDate(Screenshot.java:49)
at utility.Screenshot.captureScreen(Screenshot.java:21)
at utility.Screenshot.getCurrentDate(Screenshot.java:49)
at utility.Screenshot.captureScreen(Screenshot.java:21)
at utility.Screenshot.getCurrentDate(Screenshot.java:49)
at utility.Screenshot.captureScreen(Screenshot.java:21)
at utility.Screenshot.getCurrentDate(Screenshot.java:49)
at utility.Screenshot.captureScreen(Screenshot.java:21)
at utility.Screenshot.getCurrentDate(Screenshot.java:49)
at utility.Screenshot.captureScreen(Screenshot.java:21)
at utility.Screenshot.getCurrentDate(Screenshot.java:49)
at utility.Screenshot.captureScreen(Screenshot.java:21)
at utility.Screenshot.getCurrentDate(Screenshot.java:49)
at utility.Screenshot.captureScreen(Screenshot.java:21)
at utility.Screenshot.getCurrentDate(Screenshot.java:49)
at utility.Screenshot.captureScreen(Screenshot.java:21)
at utility.Screenshot.getCurrentDate(Screenshot.java:49)
at utility.Screenshot.captureScreen(Screenshot.java:21)
at utility.Screenshot.getCurrentDate(Screenshot.java:49)
at utility.Screenshot.captureScreen(Screenshot.java:21)
at utility.Screenshot.getCurrentDate(Screenshot.java:49)
at utility.Screenshot.captureScreen(Screenshot.java:21)
at utility.Screenshot.getCurrentDate(Screenshot.java:49)
at utility.Screenshot.captureScreen(Screenshot.java:21)
at utility.Screenshot.getCurrentDate(Screenshot.java:49)
at utility.Screenshot.captureScreen(Screenshot.java:21)
at utility.Screenshot.getCurrentDate(Screenshot.java:49)
at utility.Screenshot.captureScreen(Screenshot.java:21)
at utility.Screenshot.getCurrentDate(Screenshot.java:49)
at utility.Screenshot.captureScreen(Screenshot.java:21)
at utility.Screenshot.getCurrentDate(Screenshot.java:49)
at utility.Screenshot.captureScreen(Screenshot.java:21)
at utility.Screenshot.getCurrentDate(Screenshot.java:49)
at utility.Screenshot.captureScreen(Screenshot.java:21)
at utility.Screenshot.getCurrentDate(Screenshot.java:49)
at utility.Screenshot.captureScreen(Screenshot.java:21)
at utility.Screenshot.getCurrentDate(Screenshot.java:49)
at utility.Screenshot.captureScreen(Screenshot.java:21)
at utility.Screenshot.getCurrentDate(Screenshot.java:49)
at utility.Screenshot.captureScreen(Screenshot.java:21)
at utility.Screenshot.getCurrentDate(Screenshot.java:49)
at utility.Screenshot.captureScreen(Screenshot.java:21)
at utility.Screenshot.getCurrentDate(Screenshot.java:49)
at utility.Screenshot.captureScreen(Screenshot.java:21)
at utility.Screenshot.getCurrentDate(Screenshot.java:49)
at utility.Screenshot.captureScreen(Screenshot.java:21)
at utility.Screenshot.getCurrentDate(Screenshot.java:49)
at utility.Screenshot.captureScreen(Screenshot.java:21)
at utility.Screenshot.getCurrentDate(Screenshot.java:49)
at utility.Screenshot.captureScreen(Screenshot.java:21)
at utility.Screenshot.getCurrentDate(Screenshot.java:49)
at utility.Screenshot.captureScreen(Screenshot.java:21)
at utility.Screenshot.getCurrentDate(Screenshot.java:49)
at utility.Screenshot.captureScreen(Screenshot.java:21)
at utility.Screenshot.getCurrentDate(Screenshot.java:49)
at utility.Screenshot.captureScreen(Screenshot.java:21)
at utility.Screenshot.getCurrentDate(Screenshot.java:49)
at utility.Screenshot.captureScreen(Screenshot.java:21)
at utility.Screenshot.getCurrentDate(Screenshot.java:49)
at utility.Screenshot.captureScreen(Screenshot.java:21)
at utility.Screenshot.getCurrentDate(Screenshot.java:49)
at utility.Screenshot.captureScreen(Screenshot.java:21)
at utility.Screenshot.getCurrentDate(Screenshot.java:49)
at utility.Screenshot.captureScreen(Screenshot.java:21)
at utility.Screenshot.getCurrentDate(Screenshot.java:49)
at utility.Screenshot.captureScreen(Screenshot.java:21)
at utility.Screenshot.getCurrentDate(Screenshot.java:49)
at utility.Screenshot.captureScreen(Screenshot.java:21)
at utility.Screenshot.getCurrentDate(Screenshot.java:49)
at utility.Screenshot.captureScreen(Screenshot.java:21)
at utility.Screenshot.getCurrentDate(Screenshot.java:49)
at utility.Screenshot.captureScreen(Screenshot.java:21)
at utility.Screenshot.getCurrentDate(Screenshot.java:49)
at utility.Screenshot.captureScreen(Screenshot.java:21)
at utility.Screenshot.getCurrentDate(Screenshot.java:49)
at utility.Screenshot.captureScreen(Screenshot.java:21)
at utility.Screenshot.getCurrentDate(Screenshot.java:49)
at utility.Screenshot.captureScreen(Screenshot.java:21)
at utility.Screenshot.getCurrentDate(Screenshot.java:49)
at utility.Screenshot.captureScreen(Screenshot.java:21)
at utility.Screenshot.getCurrentDate(Screenshot.java:49)
at utility.Screenshot.captureScreen(Screenshot.java:21)
at utility.Screenshot.getCurrentDate(Screenshot.java:49)
at utility.Screenshot.captureScreen(Screenshot.java:21)
at utility.Screenshot.getCurrentDate(Screenshot.java:49)
at utility.Screenshot.captureScreen(Screenshot.java:21)
at utility.Screenshot.getCurrentDate(Screenshot.java:49)
at utility.Screenshot.captureScreen(Screenshot.java:21)
at utility.Screenshot.getCurrentDate(Screenshot.java:49)
at utility.Screenshot.captureScreen(Screenshot.java:21)
at utility.Screenshot.getCurrentDate(Screenshot.java:49)
at utility.Screenshot.captureScreen(Screenshot.java:21)
at utility.Screenshot.getCurrentDate(Screenshot.java:49)
at utility.Screenshot.captureScreen(Screenshot.java:21)
at utility.Screenshot.getCurrentDate(Screenshot.java:49)
at utility.Screenshot.captureScreen(Screenshot.java:21)
at utility.Screenshot.getCurrentDate(Screenshot.java:49)
at utility.Screenshot.captureScreen(Screenshot.java:21)
at utility.Screenshot.getCurrentDate(Screenshot.java:49)
at utility.Screenshot.captureScreen(Screenshot.java:21)
at utility.Screenshot.getCurrentDate(Screenshot.java:49)
at utility.Screenshot.captureScreen(Screenshot.java:21)
at utility.Screenshot.getCurrentDate(Screenshot.java:49)
at utility.Screenshot.captureScreen(Screenshot.java:21)
at utility.Screenshot.getCurrentDate(Screenshot.java:49)
at utility.Screenshot.captureScreen(Screenshot.java:21)
at utility.Screenshot.getCurrentDate(Screenshot.java:49)
at utility.Screenshot.captureScreen(Screenshot.java:21)
at utility.Screenshot.getCurrentDate(Screenshot.java:49)
at utility.Screenshot.captureScreen(Screenshot.java:21)
at utility.Screenshot.getCurrentDate(Screenshot.java:49)
at utility.Screenshot.captureScreen(Screenshot.java:21)
at utility.Screenshot.getCurrentDate(Screenshot.java:49)
at utility.Screenshot.captureScreen(Screenshot.java:21)
at utility.Screenshot.getCurrentDate(Screenshot.java:49)
at utility.Screenshot.captureScreen(Screenshot.java:21)
at utility.Screenshot.getCurrentDate(Screenshot.java:49)
at utility.Screenshot.captureScreen(Screenshot.java:21)
at utility.Screenshot.getCurrentDate(Screenshot.java:49)
at utility.Screenshot.captureScreen(Screenshot.java:21)
at utility.Screenshot.getCurrentDate(Screenshot.java:49)
at utility.Screenshot.captureScreen(Screenshot.java:21)
at utility.Screenshot.getCurrentDate(Screenshot.java:49)
at utility.Screenshot.captureScreen(Screenshot.java:21)
at utility.Screenshot.getCurrentDate(Screenshot.java:49)
at utility.Screenshot.captureScreen(Screenshot.java:21)
at utility.Screenshot.getCurrentDate(Screenshot.java:49)
at utility.Screenshot.captureScreen(Screenshot.java:21)
at utility.Screenshot.getCurrentDate(Screenshot.java:49)
at utility.Screenshot.captureScreen(Screenshot.java:21)
at utility.Screenshot.getCurrentDate(Screenshot.java:49)
at utility.Screenshot.captureScreen(Screenshot.java:21)
at utility.Screenshot.getCurrentDate(Screenshot.java:49)
at utility.Screenshot.captureScreen(Screenshot.java:21)
at utility.Screenshot.getCurrentDate(Screenshot.java:49)
at utility.Screenshot.captureScreen(Screenshot.java:21)
at utility.Screenshot.getCurrentDate(Screenshot.java:49)
at utility.Screenshot.captureScreen(Screenshot.java:21)
at utility.Screenshot.getCurrentDate(Screenshot.java:49)
at utility.Screenshot.captureScreen(Screenshot.java:21)
at utility.Screenshot.getCurrentDate(Screenshot.java:49)
at utility.Screenshot.captureScreen(Screenshot.java:21)
at utility.Screenshot.getCurrentDate(Screenshot.java:49)
at utility.Screenshot.captureScreen(Screenshot.java:21)
at utility.Screenshot.getCurrentDate(Screenshot.java:49)
at utility.Screenshot.captureScreen(Screenshot.java:21)
at utility.Screenshot.getCurrentDate(Screenshot.java:49)
at utility.Screenshot.captureScreen(Screenshot.java:21)
at utility.Screenshot.getCurrentDate(Screenshot.java:49)
at utility.Screenshot.captureScreen(Screenshot.java:21)
at utility.Screenshot.getCurrentDate(Screenshot.java:49)
at utility.Screenshot.captureScreen(Screenshot.java:21)
at utility.Screenshot.getCurrentDate(Screenshot.java:49)
at utility.Screenshot.captureScreen(Screenshot.java:21)
at utility.Screenshot.getCurrentDate(Screenshot.java:49)
at utility.Screenshot.captureScreen(Screenshot.java:21)
at utility.Screenshot.getCurrentDate(Screenshot.java:49)
at utility.Screenshot.captureScreen(Screenshot.java:21)
at utility.Screenshot.getCurrentDate(Screenshot.java:49)
at utility.Screenshot.captureScreen(Screenshot.java:21)
at utility.Screenshot.getCurrentDate(Screenshot.java:49)
at utility.Screenshot.captureScreen(Screenshot.java:21)
at utility.Screenshot.getCurrentDate(Screenshot.java:49)
at utility.Screenshot.captureScreen(Screenshot.java:21)
at utility.Screenshot.getCurrentDate(Screenshot.java:49)
at utility.Screenshot.captureScreen(Screenshot.java:21)
at utility.Screenshot.getCurrentDate(Screenshot.java:49)
at utility.Screenshot.captureScreen(Screenshot.java:21)
at utility.Screenshot.getCurrentDate(Screenshot.java:49)
at utility.Screenshot.captureScreen(Screenshot.java:21)
at utility.Screenshot.getCurrentDate(Screenshot.java:49)
at utility.Screenshot.captureScreen(Screenshot.java:21)
at utility.Screenshot.getCurrentDate(Screenshot.java:49)
at utility.Screenshot.captureScreen(Screenshot.java:21)
at utility.Screenshot.getCurrentDate(Screenshot.java:49)
at utility.Screenshot.captureScreen(Screenshot.java:21)
at utility.Screenshot.getCurrentDate(Screenshot.java:49)
at utility.Screenshot.captureScreen(Screenshot.java:21)
at utility.Screenshot.getCurrentDate(Screenshot.java:49)
at utility.Screenshot.captureScreen(Screenshot.java:21)
at utility.Screenshot.getCurrentDate(Screenshot.java:49)
at utility.Screenshot.captureScreen(Screenshot.java:21)
at utility.Screenshot.getCurrentDate(Screenshot.java:49)
at utility.Screenshot.captureScreen(Screenshot.java:21)
at utility.Screenshot.getCurrentDate(Screenshot.java:49)
at utility.Screenshot.captureScreen(Screenshot.java:21)
at utility.Screenshot.getCurrentDate(Screenshot.java:49)
at utility.Screenshot.captureScreen(Screenshot.java:21)
at utility.Screenshot.getCurrentDate(Screenshot.java:49)
at utility.Screenshot.captureScreen(Screenshot.java:21)
at utility.Screenshot.getCurrentDate(Screenshot.java:49)
at utility.Screenshot.captureScreen(Screenshot.java:21)
at utility.Screenshot.getCurrentDate(Screenshot.java:49)
at utility.Screenshot.captureScreen(Screenshot.java:21)
at utility.Screenshot.getCurrentDate(Screenshot.java:49)
at utility.Screenshot.captureScreen(Screenshot.java:21)
at utility.Screenshot.getCurrentDate(Screenshot.java:49)
at utility.Screenshot.captureScreen(Screenshot.java:21)
at utility.Screenshot.getCurrentDate(Screenshot.java:49)
at utility.Screenshot.captureScreen(Screenshot.java:21)
at utility.Screenshot.getCurrentDate(Screenshot.java:49)
at utility.Screenshot.captureScreen(Screenshot.java:21)
at utility.Screenshot.getCurrentDate(Screenshot.java:49)
at utility.Screenshot.captureScreen(Screenshot.java:21)
at utility.Screenshot.getCurrentDate(Screenshot.java:49)
at utility.Screenshot.captureScreen(Screenshot.java:21)
at utility.Screenshot.getCurrentDate(Screenshot.java:49)
at utility.Screenshot.captureScreen(Screenshot.java:21)
at utility.Screenshot.getCurrentDate(Screenshot.java:49)
at utility.Screenshot.captureScreen(Screenshot.java:21)
at utility.Screenshot.getCurrentDate(Screenshot.java:49)
at utility.Screenshot.captureScreen(Screenshot.java:21)
at utility.Screenshot.getCurrentDate(Screenshot.java:49)
at utility.Screenshot.captureScreen(Screenshot.java:21)
at utility.Screenshot.getCurrentDate(Screenshot.java:49)
at utility.Screenshot.captureScreen(Screenshot.java:21)
at utility.Screenshot.getCurrentDate(Screenshot.java:49)
at utility.Screenshot.captureScreen(Screenshot.java:21)
at utility.Screenshot.getCurrentDate(Screenshot.java:49)
at utility.Screenshot.captureScreen(Screenshot.java:21)
at utility.Screenshot.getCurrentDate(Screenshot.java:49)
at utility.Screenshot.captureScreen(Screenshot.java:21)
at utility.Screenshot.getCurrentDate(Screenshot.java:49)
at utility.Screenshot.captureScreen(Screenshot.java:21)
at utility.Screenshot.getCurrentDate(Screenshot.java:49)
at utility.Screenshot.captureScreen(Screenshot.java:21)
at utility.Screenshot.getCurrentDate(Screenshot.java:49)
at utility.Screenshot.captureScreen(Screenshot.java:21)
at utility.Screenshot.getCurrentDate(Screenshot.java:49)
at utility.Screenshot.captureScreen(Screenshot.java:21)
at utility.Screenshot.getCurrentDate(Screenshot.java:49)
at utility.Screenshot.captureScreen(Screenshot.java:21)
at utility.Screenshot.getCurrentDate(Screenshot.java:49)
at utility.Screenshot.captureScreen(Screenshot.java:21)
at utility.Screenshot.getCurrentDate(Screenshot.java:49)
at utility.Screenshot.captureScreen(Screenshot.java:21)
at utility.Screenshot.getCurrentDate(Screenshot.java:49)
at utility.Screenshot.captureScreen(Screenshot.java:21)
at utility.Screenshot.getCurrentDate(Screenshot.java:49)
at utility.Screenshot.captureScreen(Screenshot.java:21)
at utility.Screenshot.getCurrentDate(Screenshot.java:49)
at utility.Screenshot.captureScreen(Screenshot.java:21)
at utility.Screenshot.getCurrentDate(Screenshot.java:49)
at utility.Screenshot.captureScreen(Screenshot.java:21)
at utility.Screenshot.getCurrentDate(Screenshot.java:49)
at utility.Screenshot.captureScreen(Screenshot.java:21)
at utility.Screenshot.getCurrentDate(Screenshot.java:49)
at utility.Screenshot.captureScreen(Screenshot.java:21)
at utility.Screenshot.getCurrentDate(Screenshot.java:49)
at utility.Screenshot.captureScreen(Screenshot.java:21)
at utility.Screenshot.getCurrentDate(Screenshot.java:49)
at utility.Screenshot.captureScreen(Screenshot.java:21)
at utility.Screenshot.getCurrentDate(Screenshot.java:49)
at utility.Screenshot.captureScreen(Screenshot.java:21)
at utility.Screenshot.getCurrentDate(Screenshot.java:49)
at utility.Screenshot.captureScreen(Screenshot.java:21)
at utility.Screenshot.getCurrentDate(Screenshot.java:49)
at utility.Screenshot.captureScreen(Screenshot.java:21)
at utility.Screenshot.getCurrentDate(Screenshot.java:49)
at utility.Screenshot.captureScreen(Screenshot.java:21)
at utility.Screenshot.getCurrentDate(Screenshot.java:49)
at utility.Screenshot.captureScreen(Screenshot.java:21)
at utility.Screenshot.getCurrentDate(Screenshot.java:49)
at utility.Screenshot.captureScreen(Screenshot.java:21)
at utility.Screenshot.getCurrentDate(Screenshot.java:49)
at utility.Screenshot.captureScreen(Screenshot.java:21)
at utility.Screenshot.getCurrentDate(Screenshot.java:49)
at utility.Screenshot.captureScreen(Screenshot.java:21)
at utility.Screenshot.getCurrentDate(Screenshot.java:49)
at utility.Screenshot.captureScreen(Screenshot.java:21)
at utility.Screenshot.getCurrentDate(Screenshot.java:49)
at utility.Screenshot.captureScreen(Screenshot.java:21)
at utility.Screenshot.getCurrentDate(Screenshot.java:49)
at utility.Screenshot.captureScreen(Screenshot.java:21)
at utility.Screenshot.getCurrentDate(Screenshot.java:49)
at utility.Screenshot.captureScreen(Screenshot.java:21)
at utility.Screenshot.getCurrentDate(Screenshot.java:49)
at utility.Screenshot.captureScreen(Screenshot.java:21)
at utility.Screenshot.getCurrentDate(Screenshot.java:49)
at utility.Screenshot.captureScreen(Screenshot.java:21)
at utility.Screenshot.getCurrentDate(Screenshot.java:49)
at utility.Screenshot.captureScreen(Screenshot.java:21)
at utility.Screenshot.getCurrentDate(Screenshot.java:49)
at utility.Screenshot.captureScreen(Screenshot.java:21)
at utility.Screenshot.getCurrentDate(Screenshot.java:49)
]]>
    </failure>
  </testcase> <!-- verifyPageTitle -->
</testsuite> <!-- Default test -->
